{
  "neatness": {
    "score": 6,
    "details": ["Some letters are inconsistent in size.", "Minor smudges present.", "Lines are generally straight.", "Spacing between lines is adequate.", "Overall somewhat legible."],
    "improvement": "Practice consistent letter height and spacing."
  },
  "spacing": {
    "score": 7,
    "details": ["Wide spacing between some words.", "Lines are not overcrowded.", "Good separation between list items.", "Inconsistent spacing in individual letters.", "Some words appear crammed."],
    "improvement": "Maintain uniform spacing between letters."
  },
  "slant": {
    "score": 5,
    "details": ["Some letters slant left, others right.", "Inconsistent overall orientation.", "Not all letters maintain a uniform slant.", "Some words appear upright.", "General trend towards angled writing."],
    "improvement": "Focus on maintaining a consistent slant."
  },
  "consistency": {
    "score": 6,
    "details": ["Alternating sizes among letters.", "Variability in letter formation.", "Inconsistent use of cursive and print styles.", "Overall legibility varies by word.", "Some sections are clearer than others."],
    "improvement": "Adopt a uniform writing style."
  },
  "letter_consistency": {
    "score": 5,
    "details": ["Some letters are well-formed, others poorly formed.", "Variations in lowercase and uppercase forms.", "Inconsistent loops and curves.", "Some letters are not closed properly.", "A few letters are entirely different in style."],
    "improvement": "Practice each letter's form for consistency."
  },
  "overall_comment": "The handwriting shows moderate legibility but needs improvement in consistency and neatness."
}